<?xml version="1.0" encoding="UTF-8"?>
<!-- Generated by org.testng.reporters.JUnitReportReporter -->
<testsuite hostname="DESKTOP-CVBABQR" failures="0" tests="1" name="AllTestcase.Testcases" time="32.264" errors="0" timestamp="2023-08-25T08:27:06 IST" skipped="0">
  <testcase classname="AllTestcase.Testcases" name="LocatrsAdd" time="32.264"/>
</testsuite> <!-- AllTestcase.Testcases -->
